app-end/android/app/build/outputs/logs/manifest-merger-debug-report.txt
-- Merging decision tree log ---
manifest
ADDED from src/main/AndroidManifest.xml:1:1-113:12
	package
		ADDED from src/main/AndroidManifest.xml:2:5-22
		INJECTED from src/main/AndroidManifest.xml
		INJECTED from src/main/AndroidManifest.xml
	android:versionName
		INJECTED from src/main/AndroidManifest.xml
		INJECTED from src/main/AndroidManifest.xml
	xmlns:android
		ADDED from src/main/AndroidManifest.xml:1:11-69
	android:versionCode
		INJECTED from src/main/AndroidManifest.xml
		INJECTED from src/main/AndroidManifest.xml
uses-permission#android.permission.INTERNET
ADDED from src/main/AndroidManifest.xml:4:5-67
	android:name
		ADDED from src/main/AndroidManifest.xml:4:22-64
uses-permission#android.permission.SYSTEM_ALERT_WINDOW
ADDED from src/main/AndroidManifest.xml:5:5-77
MERGED from [com.facebook.react:react-native:0.54.4] AndroidManifest.xml:11:5-78
	android:name
		ADDED from src/main/AndroidManifest.xml:5:22-75
uses-permission#android.permission.CAMERA
ADDED from src/main/AndroidManifest.xml:7:5-64
	android:name
		ADDED from src/main/AndroidManifest.xml:7:22-62
uses-permission#android.permission.ACCESS_NETWORK_STATE
ADDED from src/main/AndroidManifest.xml:9:5-79
	android:name
		ADDED from src/main/AndroidManifest.xml:9:22-76
uses-permission#android.permission.ACCESS_WIFI_STATE
ADDED from src/main/AndroidManifest.xml:10:5-76
	android:name
		ADDED from src/main/AndroidManifest.xml:10:22-73
uses-permission#android.permission.READ_PHONE_STATE
ADDED from src/main/AndroidManifest.xml:11:5-75
	android:name
		ADDED from src/main/AndroidManifest.xml:11:22-72
uses-permission#android.permission.WRITE_EXTERNAL_STORAGE
ADDED from src/main/AndroidManifest.xml:12:5-80
MERGED from [jkb:react-native-image-crop-picker:unspecified] AndroidManifest.xml:10:5-81
	android:name
		ADDED from src/main/AndroidManifest.xml:12:22-78
uses-permission#android.permission.READ_EXTERNAL_STORAGE
ADDED from src/main/AndroidManifest.xml:13:5-79
	android:name
		ADDED from src/main/AndroidManifest.xml:13:22-77
uses-permission#android.permission.READ_LOGS
ADDED from src/main/AndroidManifest.xml:14:5-68
	android:name
		ADDED from src/main/AndroidManifest.xml:14:22-65
uses-permission#android.permission.ACCESS_FINE_LOCATION
ADDED from src/main/AndroidManifest.xml:15:5-79
	android:name
		ADDED from src/main/AndroidManifest.xml:15:22-76
uses-permission#android.permission.ACCESS_COARSE_LOCATION
ADDED from src/main/AndroidManifest.xml:16:5-81
	android:name
		ADDED from src/main/AndroidManifest.xml:16:22-78
uses-permission#android.permission.GET_TASKS
ADDED from src/main/AndroidManifest.xml:19:5-68
	android:name
		ADDED from src/main/AndroidManifest.xml:19:22-65
uses-permission#android.permission.SET_DEBUG_APP
ADDED from src/main/AndroidManifest.xml:20:5-72
	android:name
		ADDED from src/main/AndroidManifest.xml:20:22-69
uses-permission#android.permission.GET_ACCOUNTS
ADDED from src/main/AndroidManifest.xml:21:5-71
	android:name
		ADDED from src/main/AndroidManifest.xml:21:22-68
uses-permission#android.permission.USE_CREDENTIALS
ADDED from src/main/AndroidManifest.xml:22:5-74
	android:name
		ADDED from src/main/AndroidManifest.xml:22:22-71
uses-permission#android.permission.VIBRATE
ADDED from src/main/AndroidManifest.xml:24:5-66
	android:name
		ADDED from src/main/AndroidManifest.xml:24:22-63
uses-permission#android.permission.WRITE_SETTINGS
ADDED from src/main/AndroidManifest.xml:25:5-73
	android:name
		ADDED from src/main/AndroidManifest.xml:25:22-70
uses-feature#android.hardware.sensor.accelerometer
ADDED from src/main/AndroidManifest.xml:26:5-74
	android:name
		ADDED from src/main/AndroidManifest.xml:26:19-71
uses-permission#android.permission.RECEIVE_BOOT_COMPLETED
ADDED from src/main/AndroidManifest.xml:27:5-81
	android:name
		ADDED from src/main/AndroidManifest.xml:27:22-78
uses-permission#android.permission.MOUNT_UNMOUNT_FILESYSTEMS
ADDED from src/main/AndroidManifest.xml:28:5-84
	android:name
		ADDED from src/main/AndroidManifest.xml:28:22-81
uses-feature#android.hardware.sensor.stepcounter
ADDED from src/main/AndroidManifest.xml:30:5-32:35
	android:required
		ADDED from src/main/AndroidManifest.xml:32:9-32
	android:name
		ADDED from src/main/AndroidManifest.xml:31:9-59
uses-feature#android.hardware.sensor.stepdetector
ADDED from src/main/AndroidManifest.xml:33:5-35:35
	android:required
		ADDED from src/main/AndroidManifest.xml:35:9-32
	android:name
		ADDED from src/main/AndroidManifest.xml:34:9-60
application
ADDED from src/main/AndroidManifest.xml:37:5-111:19
MERGED from [jkb:react-native-splash-screen:unspecified] AndroidManifest.xml:11:5-15:19
MERGED from [jkb:react-native-image-crop-picker:unspecified] AndroidManifest.xml:12:5-27:19
MERGED from [com.facebook.react:react-native:0.54.4] AndroidManifest.xml:13:5-20
MERGED from [com.android.support:appcompat-v7:25.0.0] AndroidManifest.xml:25:5-20
MERGED from [com.android.support:support-v4:25.0.0] AndroidManifest.xml:25:5-20
MERGED from [com.android.support:support-fragment:25.0.0] AndroidManifest.xml:25:5-20
MERGED from [com.android.support:support-media-compat:25.0.0] AndroidManifest.xml:25:5-20
MERGED from [com.android.support:support-core-ui:25.0.0] AndroidManifest.xml:25:5-20
MERGED from [com.android.support:support-core-utils:25.0.0] AndroidManifest.xml:25:5-20
MERGED from [com.android.support:animated-vector-drawable:25.0.0] AndroidManifest.xml:22:5-20
MERGED from [com.android.support:support-vector-drawable:25.0.0] AndroidManifest.xml:23:5-20
MERGED from [com.android.support:support-compat:25.0.0] AndroidManifest.xml:25:5-20
MERGED from [com.facebook.soloader:soloader:0.1.0] AndroidManifest.xml:3:3-17
MERGED from [org.webkit:android-jsc:r174650] AndroidManifest.xml:2:3-17
	android:label
		ADDED from src/main/AndroidManifest.xml:39:7-39
	android:supportsRtl
		ADDED from [jkb:react-native-splash-screen:unspecified] AndroidManifest.xml:14:9-35
	android:allowBackup
		ADDED from src/main/AndroidManifest.xml:41:7-33
	android:icon
		ADDED from src/main/AndroidManifest.xml:40:7-41
	android:theme
		ADDED from src/main/AndroidManifest.xml:42:7-38
	android:name
		ADDED from src/main/AndroidManifest.xml:38:7-38
activity#com.jkb.MainActivity
ADDED from src/main/AndroidManifest.xml:43:7-52:18
	android:label
		ADDED from src/main/AndroidManifest.xml:45:9-41
	android:windowSoftInputMode
		ADDED from src/main/AndroidManifest.xml:47:9-51
	android:configChanges
		ADDED from src/main/AndroidManifest.xml:46:9-79
	android:name
		ADDED from src/main/AndroidManifest.xml:44:9-37
intent-filter#android.intent.action.MAIN+android.intent.category.LAUNCHER
ADDED from src/main/AndroidManifest.xml:48:9-51:25
action#android.intent.action.MAIN
ADDED from src/main/AndroidManifest.xml:49:13-65
	android:name
		ADDED from src/main/AndroidManifest.xml:49:21-62
category#android.intent.category.LAUNCHER
ADDED from src/main/AndroidManifest.xml:50:13-73
	android:name
		ADDED from src/main/AndroidManifest.xml:50:23-70
activity#com.facebook.react.devsupport.DevSettingsActivity
ADDED from src/main/AndroidManifest.xml:53:7-84
	android:name
		ADDED from src/main/AndroidManifest.xml:53:17-81
activity#com.jkb.wxapi.WXEntryActivity
ADDED from src/main/AndroidManifest.xml:55:9-60:75
	android:screenOrientation
		ADDED from src/main/AndroidManifest.xml:59:13-49
	android:exported
		ADDED from src/main/AndroidManifest.xml:58:13-36
	android:configChanges
		ADDED from src/main/AndroidManifest.xml:57:13-74
	android:theme
		ADDED from src/main/AndroidManifest.xml:60:13-72
	android:name
		ADDED from src/main/AndroidManifest.xml:56:13-50
activity#com.tencent.tauth.AuthActivity
ADDED from src/main/AndroidManifest.xml:61:9-71:20
	android:launchMode
		ADDED from src/main/AndroidManifest.xml:63:13-44
	android:noHistory
		ADDED from src/main/AndroidManifest.xml:64:13-37
	android:name
		ADDED from src/main/AndroidManifest.xml:62:13-58
intent-filter#android.intent.action.VIEW+android.intent.category.BROWSABLE+android.intent.category.DEFAULT
ADDED from src/main/AndroidManifest.xml:65:13-70:29
action#android.intent.action.VIEW
ADDED from src/main/AndroidManifest.xml:66:17-69
	android:name
		ADDED from src/main/AndroidManifest.xml:66:25-66
category#android.intent.category.DEFAULT
ADDED from src/main/AndroidManifest.xml:67:17-76
	android:name
		ADDED from src/main/AndroidManifest.xml:67:27-73
category#android.intent.category.BROWSABLE
ADDED from src/main/AndroidManifest.xml:68:17-78
	android:name
		ADDED from src/main/AndroidManifest.xml:68:27-75
data
ADDED from src/main/AndroidManifest.xml:69:17-59
	android:scheme
		ADDED from src/main/AndroidManifest.xml:69:23-56
activity#com.tencent.connect.common.AssistActivity
ADDED from src/main/AndroidManifest.xml:72:9-76:76
	android:screenOrientation
		ADDED from src/main/AndroidManifest.xml:74:13-49
	android:configChanges
		ADDED from src/main/AndroidManifest.xml:76:13-74
	android:theme
		ADDED from src/main/AndroidManifest.xml:75:13-72
	android:name
		ADDED from src/main/AndroidManifest.xml:73:13-69
activity#com.jkb.WBShareActivity
ADDED from src/main/AndroidManifest.xml:77:9-85:20
	android:screenOrientation
		ADDED from src/main/AndroidManifest.xml:80:13-49
	android:configChanges
		ADDED from src/main/AndroidManifest.xml:79:13-63
	android:name
		ADDED from src/main/AndroidManifest.xml:78:13-44
intent-filter#android.intent.category.DEFAULT+com.sina.weibo.sdk.action.ACTION_SDK_REQ_ACTIVITY
ADDED from src/main/AndroidManifest.xml:81:13-84:29
action#com.sina.weibo.sdk.action.ACTION_SDK_REQ_ACTIVITY
ADDED from src/main/AndroidManifest.xml:82:17-92
	android:name
		ADDED from src/main/AndroidManifest.xml:82:25-89
activity#com.sina.weibo.sdk.component.WeiboSdkBrowser
ADDED from src/main/AndroidManifest.xml:86:9-91:20
	android:exported
		ADDED from src/main/AndroidManifest.xml:90:13-37
	android:windowSoftInputMode
		ADDED from src/main/AndroidManifest.xml:89:13-55
	android:configChanges
		ADDED from src/main/AndroidManifest.xml:88:13-63
	android:name
		ADDED from src/main/AndroidManifest.xml:87:13-72
meta-data#UMENG_APPKEY
ADDED from src/main/AndroidManifest.xml:92:9-95:21
	android:value
		ADDED from src/main/AndroidManifest.xml:94:13-53
	android:name
		ADDED from src/main/AndroidManifest.xml:93:13-40
service#com.jkb.transmison.StepService
ADDED from src/main/AndroidManifest.xml:97:7-110:18
	android:priority
		ADDED from src/main/AndroidManifest.xml:99:13-36
	android:name
		ADDED from src/main/AndroidManifest.xml:98:13-51
intent-filter#android.intent.action.ACTION_POWER_CONNECTED+android.intent.action.ACTION_POWER_DISCONNECTED+android.intent.action.ACTION_TIME_TICK+android.intent.action.BOOT_COMPLETED+android.intent.action.DATE_CHANGED+android.intent.action.MEDIA_MOUNTED+android.intent.action.USER_PRESENT
ADDED from src/main/AndroidManifest.xml:100:13-109:29
action#android.intent.action.BOOT_COMPLETED
ADDED from src/main/AndroidManifest.xml:102:17-79
	android:name
		ADDED from src/main/AndroidManifest.xml:102:25-76
action#android.intent.action.DATE_CHANGED
ADDED from src/main/AndroidManifest.xml:103:17-77
	android:name
		ADDED from src/main/AndroidManifest.xml:103:25-74
action#android.intent.action.MEDIA_MOUNTED
ADDED from src/main/AndroidManifest.xml:104:17-78
	android:name
		ADDED from src/main/AndroidManifest.xml:104:25-75
action#android.intent.action.USER_PRESENT
ADDED from src/main/AndroidManifest.xml:105:17-77
	android:name
		ADDED from src/main/AndroidManifest.xml:105:25-74
action#android.intent.action.ACTION_TIME_TICK
ADDED from src/main/AndroidManifest.xml:106:17-81
	android:name
		ADDED from src/main/AndroidManifest.xml:106:25-78
action#android.intent.action.ACTION_POWER_CONNECTED
ADDED from src/main/AndroidManifest.xml:107:17-87
	android:name
		ADDED from src/main/AndroidManifest.xml:107:25-84
action#android.intent.action.ACTION_POWER_DISCONNECTED
ADDED from src/main/AndroidManifest.xml:108:17-90
	android:name
		ADDED from src/main/AndroidManifest.xml:108:25-87
uses-sdk
INJECTED from src/main/AndroidManifest.xml reason: use-sdk injection requested
MERGED from [jkb:react-native-splash-screen:unspecified] AndroidManifest.xml:7:5-9:41
MERGED from [jkb:react-native-image-crop-picker:unspecified] AndroidManifest.xml:6:5-8:41
MERGED from [com.github.yalantis:ucrop:2.2.1-native] AndroidManifest.xml:8:5-10:41
MERGED from [id.zelory:compressor:2.1.0] AndroidManifest.xml:8:5-10:41
MERGED from [com.facebook.react:react-native:0.54.4] AndroidManifest.xml:7:5-9:41
MERGED from [com.android.support:appcompat-v7:25.0.0] AndroidManifest.xml:21:5-23:78
MERGED from [com.android.support:support-v4:25.0.0] AndroidManifest.xml:21:5-23:54
MERGED from [com.android.support:support-fragment:25.0.0] AndroidManifest.xml:21:5-23:60
MERGED from [com.android.support:support-media-compat:25.0.0] AndroidManifest.xml:21:5-23:63
MERGED from [com.android.support:support-core-ui:25.0.0] AndroidManifest.xml:21:5-23:58
MERGED from [com.android.support:support-core-utils:25.0.0] AndroidManifest.xml:21:5-23:61
MERGED from [com.android.support:animated-vector-drawable:25.0.0] AndroidManifest.xml:20:5-44
MERGED from [com.android.support:support-vector-drawable:25.0.0] AndroidManifest.xml:21:5-43
MERGED from [com.android.support:support-compat:25.0.0] AndroidManifest.xml:21:5-23:58
MERGED from [com.facebook.fbui.textlayoutbuilder:textlayoutbuilder:1.0.0] AndroidManifest.xml:14:5-16:41
MERGED from [com.facebook.fresco:fresco:1.3.0] AndroidManifest.xml:5:5-7:41
MERGED from [com.facebook.fresco:drawee:1.3.0] AndroidManifest.xml:5:5-7:41
MERGED from [com.facebook.fresco:imagepipeline-okhttp3:1.3.0] AndroidManifest.xml:5:5-7:41
MERGED from [com.facebook.fresco:imagepipeline:1.3.0] AndroidManifest.xml:5:5-7:41
MERGED from [com.facebook.fresco:imagepipeline-base:1.3.0] AndroidManifest.xml:5:5-7:41
MERGED from [com.facebook.fresco:fbcore:1.3.0] AndroidManifest.xml:5:5-7:41
MERGED from [com.facebook.soloader:soloader:0.1.0] AndroidManifest.xml:2:3-70
	tools:overrideLibrary
		ADDED from [com.android.support:appcompat-v7:25.0.0] AndroidManifest.xml:23:9-75
	android:targetSdkVersion
		INJECTED from src/main/AndroidManifest.xml
		INJECTED from src/main/AndroidManifest.xml
	android:minSdkVersion
		INJECTED from src/main/AndroidManifest.xml
		INJECTED from src/main/AndroidManifest.xml
provider#android.support.v4.content.FileProvider
ADDED from [jkb:react-native-image-crop-picker:unspecified] AndroidManifest.xml:13:9-21:20
	android:authorities
		ADDED from [jkb:react-native-image-crop-picker:unspecified] AndroidManifest.xml:15:13-60
	android:grantUriPermissions
		ADDED from [jkb:react-native-image-crop-picker:unspecified] AndroidManifest.xml:17:13-47
	android:exported
		ADDED from [jkb:react-native-image-crop-picker:unspecified] AndroidManifest.xml:16:13-37
	android:name
		ADDED from [jkb:react-native-image-crop-picker:unspecified] AndroidManifest.xml:14:13-67
meta-data#android.support.FILE_PROVIDER_PATHS
ADDED from [jkb:react-native-image-crop-picker:unspecified] AndroidManifest.xml:18:13-20:58
	android:resource
		ADDED from [jkb:react-native-image-crop-picker:unspecified] AndroidManifest.xml:20:17-55
	android:name
		ADDED from [jkb:react-native-image-crop-picker:unspecified] AndroidManifest.xml:19:17-67
activity#com.yalantis.ucrop.UCropActivity
ADDED from [jkb:react-native-image-crop-picker:unspecified] AndroidManifest.xml:23:9-26:72
	android:screenOrientation
		ADDED from [jkb:react-native-image-crop-picker:unspecified] AndroidManifest.xml:25:13-49
	android:theme
		ADDED from [jkb:react-native-image-crop-picker:unspecified] AndroidManifest.xml:26:13-69
	android:name
		ADDED from [jkb:react-native-image-crop-picker:unspecified] AndroidManifest.xml:24:13-60